2020-07-23 18:54:37 WARNING (MainThread) [homeassistant.loader] You are using a custom integration for hacs which has not been tested by Home Assistant. This component might cause stability problems, be sure to disable it if you experience issues with Home Assistant.
2020-07-23 18:54:39 ERROR (MainThread) [hacs] Could not set logging level to debug, logger is not enabled
2020-07-23 18:54:39 WARNING (MainThread) [homeassistant.loader] You are using a custom integration for average which has not been tested by Home Assistant. This component might cause stability problems, be sure to disable it if you experience issues with Home Assistant.
2020-07-23 18:54:46 ERROR (SyncWorker_3) [custom_components.average.sensor] Unable to find an entity "sensor.energy"
2020-07-23 18:54:46 ERROR (MainThread) [metno] https://aa015h6buqvih86i1.api.met.no/weatherapi/locationforecast/1.9/ returned None
2020-07-23 18:54:46 ERROR (MainThread) [homeassistant.components.met.weather] Retrying in 17 minutes
2020-07-23 18:55:11 ERROR (SyncWorker_1) [custom_components.average.sensor] Unable to find an entity "sensor.energy"
2020-07-23 18:55:42 ERROR (SyncWorker_0) [custom_components.average.sensor] Unable to find an entity "sensor.energy"
2020-07-23 18:56:12 ERROR (SyncWorker_3) [custom_components.average.sensor] Unable to find an entity "sensor.energy"
2020-07-23 18:56:43 ERROR (SyncWorker_4) [custom_components.average.sensor] Unable to find an entity "sensor.energy"
2020-07-23 18:57:14 ERROR (SyncWorker_3) [custom_components.average.sensor] Unable to find an entity "sensor.energy"
2020-07-23 18:57:45 ERROR (SyncWorker_0) [custom_components.average.sensor] Unable to find an entity "sensor.energy"
2020-07-23 18:58:16 ERROR (SyncWorker_2) [custom_components.average.sensor] Unable to find an entity "sensor.energy"
2020-07-23 18:58:47 ERROR (SyncWorker_3) [custom_components.average.sensor] Unable to find an entity "sensor.energy"
2020-07-23 18:59:18 ERROR (SyncWorker_2) [custom_components.average.sensor] Unable to find an entity "sensor.energy"
2020-07-23 18:59:49 ERROR (SyncWorker_2) [custom_components.average.sensor] Unable to find an entity "sensor.energy"
2020-07-23 19:00:20 ERROR (SyncWorker_2) [custom_components.average.sensor] Unable to find an entity "sensor.energy"
2020-07-23 19:00:50 ERROR (SyncWorker_1) [custom_components.average.sensor] Unable to find an entity "sensor.energy"
2020-07-23 19:01:21 ERROR (SyncWorker_3) [custom_components.average.sensor] Unable to find an entity "sensor.energy"
2020-07-23 19:01:52 ERROR (SyncWorker_2) [custom_components.average.sensor] Unable to find an entity "sensor.energy"
2020-07-23 19:02:23 ERROR (SyncWorker_3) [custom_components.average.sensor] Unable to find an entity "sensor.energy"
2020-07-23 19:02:53 ERROR (SyncWorker_3) [custom_components.average.sensor] Unable to find an entity "sensor.energy"
2020-07-23 19:03:24 ERROR (SyncWorker_1) [custom_components.average.sensor] Unable to find an entity "sensor.energy"
2020-07-23 19:03:55 ERROR (SyncWorker_1) [custom_components.average.sensor] Unable to find an entity "sensor.energy"
2020-07-23 19:04:26 ERROR (SyncWorker_2) [custom_components.average.sensor] Unable to find an entity "sensor.energy"
2020-07-23 19:04:57 ERROR (SyncWorker_0) [custom_components.average.sensor] Unable to find an entity "sensor.energy"
2020-07-23 19:05:28 ERROR (SyncWorker_0) [custom_components.average.sensor] Unable to find an entity "sensor.energy"
2020-07-23 19:05:58 ERROR (SyncWorker_4) [custom_components.average.sensor] Unable to find an entity "sensor.energy"
2020-07-23 19:06:29 ERROR (SyncWorker_4) [custom_components.average.sensor] Unable to find an entity "sensor.energy"
2020-07-23 19:06:59 ERROR (SyncWorker_1) [custom_components.average.sensor] Unable to find an entity "sensor.energy"
2020-07-23 19:07:30 ERROR (SyncWorker_1) [custom_components.average.sensor] Unable to find an entity "sensor.energy"
2020-07-23 19:08:01 ERROR (SyncWorker_1) [custom_components.average.sensor] Unable to find an entity "sensor.energy"
2020-07-23 19:08:32 ERROR (SyncWorker_2) [custom_components.average.sensor] Unable to find an entity "sensor.energy"
2020-07-23 19:09:03 ERROR (SyncWorker_4) [custom_components.average.sensor] Unable to find an entity "sensor.energy"
2020-07-23 19:09:34 ERROR (SyncWorker_4) [custom_components.average.sensor] Unable to find an entity "sensor.energy"
2020-07-23 19:10:04 ERROR (SyncWorker_0) [custom_components.average.sensor] Unable to find an entity "sensor.energy"
2020-07-23 19:10:35 ERROR (SyncWorker_2) [custom_components.average.sensor] Unable to find an entity "sensor.energy"
2020-07-23 19:11:06 ERROR (SyncWorker_0) [custom_components.average.sensor] Unable to find an entity "sensor.energy"
2020-07-23 19:11:37 ERROR (SyncWorker_2) [custom_components.average.sensor] Unable to find an entity "sensor.energy"
2020-07-23 19:12:08 ERROR (SyncWorker_4) [custom_components.average.sensor] Unable to find an entity "sensor.energy"
2020-07-23 19:12:39 ERROR (SyncWorker_3) [custom_components.average.sensor] Unable to find an entity "sensor.energy"
2020-07-23 19:13:10 ERROR (SyncWorker_3) [custom_components.average.sensor] Unable to find an entity "sensor.energy"
2020-07-23 19:13:41 ERROR (SyncWorker_1) [custom_components.average.sensor] Unable to find an entity "sensor.energy"
2020-07-23 19:14:12 ERROR (SyncWorker_2) [custom_components.average.sensor] Unable to find an entity "sensor.energy"
2020-07-23 19:14:42 ERROR (SyncWorker_0) [custom_components.average.sensor] Unable to find an entity "sensor.energy"
2020-07-23 19:15:13 ERROR (SyncWorker_4) [custom_components.average.sensor] Unable to find an entity "sensor.energy"
2020-07-23 19:15:44 ERROR (SyncWorker_0) [custom_components.average.sensor] Unable to find an entity "sensor.energy"
2020-07-23 19:16:15 ERROR (SyncWorker_4) [custom_components.average.sensor] Unable to find an entity "sensor.energy"
2020-07-23 19:16:46 ERROR (SyncWorker_2) [custom_components.average.sensor] Unable to find an entity "sensor.energy"
2020-07-23 19:17:16 ERROR (SyncWorker_2) [custom_components.average.sensor] Unable to find an entity "sensor.energy"
2020-07-23 19:17:47 ERROR (SyncWorker_0) [custom_components.average.sensor] Unable to find an entity "sensor.energy"
2020-07-23 19:18:18 ERROR (SyncWorker_4) [custom_components.average.sensor] Unable to find an entity "sensor.energy"
2020-07-23 19:18:49 ERROR (SyncWorker_3) [custom_components.average.sensor] Unable to find an entity "sensor.energy"
2020-07-23 19:19:20 ERROR (SyncWorker_1) [custom_components.average.sensor] Unable to find an entity "sensor.energy"
2020-07-23 19:19:51 ERROR (SyncWorker_3) [custom_components.average.sensor] Unable to find an entity "sensor.energy"
2020-07-23 19:20:22 ERROR (SyncWorker_0) [custom_components.average.sensor] Unable to find an entity "sensor.energy"
2020-07-23 19:20:53 ERROR (SyncWorker_1) [custom_components.average.sensor] Unable to find an entity "sensor.energy"
2020-07-23 19:21:24 ERROR (SyncWorker_2) [custom_components.average.sensor] Unable to find an entity "sensor.energy"
2020-07-23 19:21:54 ERROR (SyncWorker_3) [custom_components.average.sensor] Unable to find an entity "sensor.energy"
2020-07-23 19:22:25 ERROR (SyncWorker_0) [custom_components.average.sensor] Unable to find an entity "sensor.energy"
2020-07-23 19:22:56 ERROR (SyncWorker_4) [custom_components.average.sensor] Unable to find an entity "sensor.energy"
2020-07-23 19:23:27 ERROR (SyncWorker_3) [custom_components.average.sensor] Unable to find an entity "sensor.energy"
2020-07-23 19:23:57 ERROR (SyncWorker_4) [custom_components.average.sensor] Unable to find an entity "sensor.energy"
2020-07-23 19:24:28 ERROR (SyncWorker_1) [custom_components.average.sensor] Unable to find an entity "sensor.energy"
2020-07-23 19:24:59 ERROR (SyncWorker_3) [custom_components.average.sensor] Unable to find an entity "sensor.energy"
2020-07-23 19:25:30 ERROR (SyncWorker_4) [custom_components.average.sensor] Unable to find an entity "sensor.energy"
2020-07-23 19:26:01 ERROR (SyncWorker_4) [custom_components.average.sensor] Unable to find an entity "sensor.energy"
2020-07-23 19:26:31 ERROR (SyncWorker_3) [custom_components.average.sensor] Unable to find an entity "sensor.energy"
2020-07-23 19:27:02 ERROR (SyncWorker_4) [custom_components.average.sensor] Unable to find an entity "sensor.energy"
2020-07-23 19:27:33 ERROR (SyncWorker_2) [custom_components.average.sensor] Unable to find an entity "sensor.energy"
2020-07-23 19:28:04 ERROR (SyncWorker_0) [custom_components.average.sensor] Unable to find an entity "sensor.energy"
2020-07-23 19:28:34 ERROR (SyncWorker_1) [custom_components.average.sensor] Unable to find an entity "sensor.energy"
2020-07-23 19:29:05 ERROR (SyncWorker_3) [custom_components.average.sensor] Unable to find an entity "sensor.energy"
2020-07-23 19:29:36 ERROR (SyncWorker_4) [custom_components.average.sensor] Unable to find an entity "sensor.energy"
2020-07-23 19:30:07 ERROR (SyncWorker_4) [custom_components.average.sensor] Unable to find an entity "sensor.energy"
2020-07-23 19:30:38 ERROR (SyncWorker_0) [custom_components.average.sensor] Unable to find an entity "sensor.energy"
2020-07-23 19:31:09 ERROR (SyncWorker_4) [custom_components.average.sensor] Unable to find an entity "sensor.energy"
2020-07-23 19:31:40 ERROR (SyncWorker_0) [custom_components.average.sensor] Unable to find an entity "sensor.energy"
2020-07-23 19:32:11 ERROR (SyncWorker_0) [custom_components.average.sensor] Unable to find an entity "sensor.energy"
2020-07-23 19:32:42 ERROR (SyncWorker_2) [custom_components.average.sensor] Unable to find an entity "sensor.energy"
2020-07-23 19:33:13 ERROR (SyncWorker_3) [custom_components.average.sensor] Unable to find an entity "sensor.energy"
2020-07-23 19:33:44 ERROR (SyncWorker_3) [custom_components.average.sensor] Unable to find an entity "sensor.energy"
2020-07-23 19:34:15 ERROR (SyncWorker_0) [custom_components.average.sensor] Unable to find an entity "sensor.energy"
2020-07-23 19:34:46 ERROR (SyncWorker_3) [custom_components.average.sensor] Unable to find an entity "sensor.energy"
2020-07-23 19:35:17 ERROR (SyncWorker_4) [custom_components.average.sensor] Unable to find an entity "sensor.energy"
2020-07-23 19:35:47 ERROR (SyncWorker_2) [custom_components.average.sensor] Unable to find an entity "sensor.energy"
2020-07-23 19:36:18 ERROR (SyncWorker_1) [custom_components.average.sensor] Unable to find an entity "sensor.energy"
2020-07-23 19:36:49 ERROR (SyncWorker_3) [custom_components.average.sensor] Unable to find an entity "sensor.energy"
2020-07-23 19:37:20 ERROR (SyncWorker_0) [custom_components.average.sensor] Unable to find an entity "sensor.energy"
2020-07-23 19:37:51 ERROR (SyncWorker_4) [custom_components.average.sensor] Unable to find an entity "sensor.energy"
2020-07-23 19:38:22 ERROR (SyncWorker_1) [custom_components.average.sensor] Unable to find an entity "sensor.energy"
2020-07-23 19:38:53 ERROR (SyncWorker_2) [custom_components.average.sensor] Unable to find an entity "sensor.energy"
2020-07-23 19:39:24 ERROR (SyncWorker_4) [custom_components.average.sensor] Unable to find an entity "sensor.energy"
2020-07-23 19:39:55 ERROR (SyncWorker_3) [custom_components.average.sensor] Unable to find an entity "sensor.energy"
2020-07-23 19:40:25 ERROR (SyncWorker_4) [custom_components.average.sensor] Unable to find an entity "sensor.energy"
2020-07-23 19:40:56 ERROR (SyncWorker_0) [custom_components.average.sensor] Unable to find an entity "sensor.energy"
2020-07-23 19:41:27 ERROR (SyncWorker_1) [custom_components.average.sensor] Unable to find an entity "sensor.energy"
2020-07-23 19:41:57 ERROR (SyncWorker_1) [custom_components.average.sensor] Unable to find an entity "sensor.energy"
2020-07-23 19:42:28 ERROR (SyncWorker_0) [custom_components.average.sensor] Unable to find an entity "sensor.energy"
2020-07-23 19:42:58 ERROR (SyncWorker_0) [custom_components.average.sensor] Unable to find an entity "sensor.energy"
2020-07-23 19:43:29 ERROR (SyncWorker_3) [custom_components.average.sensor] Unable to find an entity "sensor.energy"
2020-07-23 19:44:00 ERROR (SyncWorker_3) [custom_components.average.sensor] Unable to find an entity "sensor.energy"
2020-07-23 19:44:31 ERROR (SyncWorker_3) [custom_components.average.sensor] Unable to find an entity "sensor.energy"
2020-07-23 19:45:02 ERROR (SyncWorker_3) [custom_components.average.sensor] Unable to find an entity "sensor.energy"
2020-07-23 19:45:33 ERROR (SyncWorker_1) [custom_components.average.sensor] Unable to find an entity "sensor.energy"
2020-07-23 19:46:04 ERROR (SyncWorker_2) [custom_components.average.sensor] Unable to find an entity "sensor.energy"
2020-07-23 19:46:35 ERROR (SyncWorker_3) [custom_components.average.sensor] Unable to find an entity "sensor.energy"
2020-07-23 19:47:06 ERROR (SyncWorker_4) [custom_components.average.sensor] Unable to find an entity "sensor.energy"
2020-07-23 19:47:37 ERROR (SyncWorker_0) [custom_components.average.sensor] Unable to find an entity "sensor.energy"
2020-07-23 19:48:08 ERROR (SyncWorker_1) [custom_components.average.sensor] Unable to find an entity "sensor.energy"
2020-07-23 19:48:39 ERROR (SyncWorker_0) [custom_components.average.sensor] Unable to find an entity "sensor.energy"
2020-07-23 19:49:10 ERROR (SyncWorker_3) [custom_components.average.sensor] Unable to find an entity "sensor.energy"
2020-07-23 19:49:41 ERROR (SyncWorker_2) [custom_components.average.sensor] Unable to find an entity "sensor.energy"
2020-07-23 19:50:12 ERROR (SyncWorker_3) [custom_components.average.sensor] Unable to find an entity "sensor.energy"
2020-07-23 19:50:43 ERROR (SyncWorker_4) [custom_components.average.sensor] Unable to find an entity "sensor.energy"
2020-07-23 19:51:13 ERROR (SyncWorker_3) [custom_components.average.sensor] Unable to find an entity "sensor.energy"
2020-07-23 19:51:44 ERROR (SyncWorker_3) [custom_components.average.sensor] Unable to find an entity "sensor.energy"
2020-07-23 19:52:15 ERROR (SyncWorker_4) [custom_components.average.sensor] Unable to find an entity "sensor.energy"
2020-07-23 19:52:46 ERROR (SyncWorker_0) [custom_components.average.sensor] Unable to find an entity "sensor.energy"
2020-07-23 19:53:17 ERROR (SyncWorker_3) [custom_components.average.sensor] Unable to find an entity "sensor.energy"
2020-07-23 19:53:48 ERROR (SyncWorker_2) [custom_components.average.sensor] Unable to find an entity "sensor.energy"
2020-07-23 19:54:19 ERROR (SyncWorker_3) [custom_components.average.sensor] Unable to find an entity "sensor.energy"
2020-07-23 19:54:49 ERROR (SyncWorker_0) [custom_components.average.sensor] Unable to find an entity "sensor.energy"
2020-07-23 19:55:20 ERROR (SyncWorker_0) [custom_components.average.sensor] Unable to find an entity "sensor.energy"
2020-07-23 19:55:51 ERROR (SyncWorker_0) [custom_components.average.sensor] Unable to find an entity "sensor.energy"
2020-07-23 19:56:22 ERROR (SyncWorker_2) [custom_components.average.sensor] Unable to find an entity "sensor.energy"
2020-07-23 19:56:53 ERROR (SyncWorker_4) [custom_components.average.sensor] Unable to find an entity "sensor.energy"
2020-07-23 19:57:24 ERROR (SyncWorker_4) [custom_components.average.sensor] Unable to find an entity "sensor.energy"
2020-07-23 19:57:55 ERROR (SyncWorker_1) [custom_components.average.sensor] Unable to find an entity "sensor.energy"
2020-07-23 19:58:26 ERROR (SyncWorker_1) [custom_components.average.sensor] Unable to find an entity "sensor.energy"
2020-07-23 19:58:56 ERROR (SyncWorker_3) [custom_components.average.sensor] Unable to find an entity "sensor.energy"
2020-07-23 19:59:27 ERROR (SyncWorker_4) [custom_components.average.sensor] Unable to find an entity "sensor.energy"
2020-07-23 19:59:58 ERROR (SyncWorker_1) [custom_components.average.sensor] Unable to find an entity "sensor.energy"
2020-07-23 20:00:28 ERROR (SyncWorker_0) [custom_components.average.sensor] Unable to find an entity "sensor.energy"
2020-07-23 20:00:59 ERROR (SyncWorker_3) [custom_components.average.sensor] Unable to find an entity "sensor.energy"
2020-07-23 20:01:30 ERROR (SyncWorker_2) [custom_components.average.sensor] Unable to find an entity "sensor.energy"
2020-07-23 20:02:01 ERROR (SyncWorker_2) [custom_components.average.sensor] Unable to find an entity "sensor.energy"
2020-07-23 20:02:32 ERROR (SyncWorker_2) [custom_components.average.sensor] Unable to find an entity "sensor.energy"
2020-07-23 20:03:02 ERROR (SyncWorker_3) [custom_components.average.sensor] Unable to find an entity "sensor.energy"
2020-07-23 20:03:33 ERROR (SyncWorker_3) [custom_components.average.sensor] Unable to find an entity "sensor.energy"
2020-07-23 20:04:04 ERROR (SyncWorker_4) [custom_components.average.sensor] Unable to find an entity "sensor.energy"
2020-07-23 20:04:34 ERROR (SyncWorker_1) [custom_components.average.sensor] Unable to find an entity "sensor.energy"
2020-07-23 20:05:05 ERROR (SyncWorker_3) [custom_components.average.sensor] Unable to find an entity "sensor.energy"
2020-07-23 20:05:36 ERROR (SyncWorker_2) [custom_components.average.sensor] Unable to find an entity "sensor.energy"
2020-07-23 20:06:07 ERROR (SyncWorker_4) [custom_components.average.sensor] Unable to find an entity "sensor.energy"
2020-07-23 20:06:37 ERROR (SyncWorker_2) [custom_components.average.sensor] Unable to find an entity "sensor.energy"
2020-07-23 20:07:08 ERROR (SyncWorker_2) [custom_components.average.sensor] Unable to find an entity "sensor.energy"
2020-07-23 20:07:39 ERROR (SyncWorker_1) [custom_components.average.sensor] Unable to find an entity "sensor.energy"
2020-07-23 20:08:09 ERROR (SyncWorker_4) [custom_components.average.sensor] Unable to find an entity "sensor.energy"
2020-07-23 20:08:40 ERROR (SyncWorker_3) [custom_components.average.sensor] Unable to find an entity "sensor.energy"
2020-07-23 20:09:11 ERROR (SyncWorker_0) [custom_components.average.sensor] Unable to find an entity "sensor.energy"
2020-07-23 20:09:42 ERROR (SyncWorker_0) [custom_components.average.sensor] Unable to find an entity "sensor.energy"
2020-07-23 20:10:12 ERROR (SyncWorker_4) [custom_components.average.sensor] Unable to find an entity "sensor.energy"
2020-07-23 20:10:43 ERROR (SyncWorker_3) [custom_components.average.sensor] Unable to find an entity "sensor.energy"
2020-07-23 20:11:14 ERROR (SyncWorker_2) [custom_components.average.sensor] Unable to find an entity "sensor.energy"
2020-07-23 20:11:45 ERROR (SyncWorker_2) [custom_components.average.sensor] Unable to find an entity "sensor.energy"
2020-07-23 20:12:16 ERROR (SyncWorker_4) [custom_components.average.sensor] Unable to find an entity "sensor.energy"
2020-07-23 20:12:47 ERROR (SyncWorker_4) [custom_components.average.sensor] Unable to find an entity "sensor.energy"
2020-07-23 20:13:18 ERROR (SyncWorker_2) [custom_components.average.sensor] Unable to find an entity "sensor.energy"
2020-07-23 20:13:49 ERROR (SyncWorker_0) [custom_components.average.sensor] Unable to find an entity "sensor.energy"
2020-07-23 20:14:20 ERROR (SyncWorker_3) [custom_components.average.sensor] Unable to find an entity "sensor.energy"
2020-07-23 20:14:50 ERROR (SyncWorker_2) [custom_components.average.sensor] Unable to find an entity "sensor.energy"
2020-07-23 20:15:21 ERROR (SyncWorker_3) [custom_components.average.sensor] Unable to find an entity "sensor.energy"
2020-07-23 20:15:52 ERROR (SyncWorker_2) [custom_components.average.sensor] Unable to find an entity "sensor.energy"
2020-07-23 20:16:22 ERROR (SyncWorker_4) [custom_components.average.sensor] Unable to find an entity "sensor.energy"
2020-07-23 20:16:53 ERROR (SyncWorker_2) [custom_components.average.sensor] Unable to find an entity "sensor.energy"
2020-07-23 20:17:24 ERROR (SyncWorker_4) [custom_components.average.sensor] Unable to find an entity "sensor.energy"
2020-07-23 20:17:55 ERROR (SyncWorker_1) [custom_components.average.sensor] Unable to find an entity "sensor.energy"
2020-07-23 20:18:26 ERROR (SyncWorker_1) [custom_components.average.sensor] Unable to find an entity "sensor.energy"
2020-07-23 20:18:57 ERROR (SyncWorker_2) [custom_components.average.sensor] Unable to find an entity "sensor.energy"
2020-07-23 20:19:28 ERROR (SyncWorker_0) [custom_components.average.sensor] Unable to find an entity "sensor.energy"
2020-07-23 20:19:58 ERROR (SyncWorker_1) [custom_components.average.sensor] Unable to find an entity "sensor.energy"
2020-07-23 20:20:29 ERROR (SyncWorker_3) [custom_components.average.sensor] Unable to find an entity "sensor.energy"
2020-07-23 20:20:59 ERROR (SyncWorker_3) [custom_components.average.sensor] Unable to find an entity "sensor.energy"
2020-07-23 20:21:30 ERROR (SyncWorker_2) [custom_components.average.sensor] Unable to find an entity "sensor.energy"
2020-07-23 20:22:01 ERROR (SyncWorker_1) [custom_components.average.sensor] Unable to find an entity "sensor.energy"
2020-07-23 20:22:32 ERROR (SyncWorker_2) [custom_components.average.sensor] Unable to find an entity "sensor.energy"
2020-07-23 20:23:03 ERROR (SyncWorker_3) [custom_components.average.sensor] Unable to find an entity "sensor.energy"
2020-07-23 20:23:34 ERROR (SyncWorker_4) [custom_components.average.sensor] Unable to find an entity "sensor.energy"
2020-07-23 20:24:05 ERROR (SyncWorker_3) [custom_components.average.sensor] Unable to find an entity "sensor.energy"
2020-07-23 20:24:36 ERROR (SyncWorker_0) [custom_components.average.sensor] Unable to find an entity "sensor.energy"
2020-07-23 20:25:06 ERROR (SyncWorker_4) [custom_components.average.sensor] Unable to find an entity "sensor.energy"
2020-07-23 20:25:37 ERROR (SyncWorker_1) [custom_components.average.sensor] Unable to find an entity "sensor.energy"
2020-07-23 20:26:07 ERROR (SyncWorker_2) [custom_components.average.sensor] Unable to find an entity "sensor.energy"
2020-07-23 20:26:38 ERROR (SyncWorker_0) [custom_components.average.sensor] Unable to find an entity "sensor.energy"
2020-07-23 20:27:08 ERROR (SyncWorker_0) [custom_components.average.sensor] Unable to find an entity "sensor.energy"
2020-07-23 20:27:39 ERROR (SyncWorker_1) [custom_components.average.sensor] Unable to find an entity "sensor.energy"
2020-07-23 20:28:10 ERROR (SyncWorker_3) [custom_components.average.sensor] Unable to find an entity "sensor.energy"
2020-07-23 20:28:41 ERROR (SyncWorker_1) [custom_components.average.sensor] Unable to find an entity "sensor.energy"
2020-07-23 20:29:12 ERROR (SyncWorker_2) [custom_components.average.sensor] Unable to find an entity "sensor.energy"
2020-07-23 20:29:43 ERROR (SyncWorker_3) [custom_components.average.sensor] Unable to find an entity "sensor.energy"
2020-07-23 20:30:14 ERROR (SyncWorker_1) [custom_components.average.sensor] Unable to find an entity "sensor.energy"
2020-07-23 20:30:45 ERROR (SyncWorker_3) [custom_components.average.sensor] Unable to find an entity "sensor.energy"
2020-07-23 20:31:16 ERROR (SyncWorker_3) [custom_components.average.sensor] Unable to find an entity "sensor.energy"
2020-07-23 20:31:47 ERROR (SyncWorker_3) [custom_components.average.sensor] Unable to find an entity "sensor.energy"
2020-07-23 20:32:18 ERROR (SyncWorker_3) [custom_components.average.sensor] Unable to find an entity "sensor.energy"
2020-07-23 20:32:49 ERROR (SyncWorker_1) [custom_components.average.sensor] Unable to find an entity "sensor.energy"
2020-07-23 20:33:19 ERROR (SyncWorker_4) [custom_components.average.sensor] Unable to find an entity "sensor.energy"
2020-07-23 20:33:50 ERROR (SyncWorker_4) [custom_components.average.sensor] Unable to find an entity "sensor.energy"
2020-07-23 20:34:21 ERROR (SyncWorker_2) [custom_components.average.sensor] Unable to find an entity "sensor.energy"
2020-07-23 20:34:51 ERROR (SyncWorker_1) [custom_components.average.sensor] Unable to find an entity "sensor.energy"
2020-07-23 20:35:22 ERROR (SyncWorker_1) [custom_components.average.sensor] Unable to find an entity "sensor.energy"
2020-07-23 20:35:53 ERROR (SyncWorker_1) [custom_components.average.sensor] Unable to find an entity "sensor.energy"
2020-07-23 20:36:24 ERROR (SyncWorker_4) [custom_components.average.sensor] Unable to find an entity "sensor.energy"
2020-07-23 20:36:55 ERROR (SyncWorker_4) [custom_components.average.sensor] Unable to find an entity "sensor.energy"
2020-07-23 20:37:25 ERROR (SyncWorker_3) [custom_components.average.sensor] Unable to find an entity "sensor.energy"
2020-07-23 20:37:56 ERROR (SyncWorker_4) [custom_components.average.sensor] Unable to find an entity "sensor.energy"
2020-07-23 20:38:27 ERROR (SyncWorker_1) [custom_components.average.sensor] Unable to find an entity "sensor.energy"
2020-07-23 20:38:58 ERROR (SyncWorker_1) [custom_components.average.sensor] Unable to find an entity "sensor.energy"
2020-07-23 20:39:29 ERROR (SyncWorker_3) [custom_components.average.sensor] Unable to find an entity "sensor.energy"
2020-07-23 20:40:00 ERROR (SyncWorker_1) [custom_components.average.sensor] Unable to find an entity "sensor.energy"
2020-07-23 20:40:31 ERROR (SyncWorker_1) [custom_components.average.sensor] Unable to find an entity "sensor.energy"
2020-07-23 20:41:02 ERROR (SyncWorker_1) [custom_components.average.sensor] Unable to find an entity "sensor.energy"
2020-07-23 20:41:33 ERROR (SyncWorker_2) [custom_components.average.sensor] Unable to find an entity "sensor.energy"
2020-07-23 20:42:04 ERROR (SyncWorker_2) [custom_components.average.sensor] Unable to find an entity "sensor.energy"
2020-07-23 20:42:34 ERROR (SyncWorker_4) [custom_components.average.sensor] Unable to find an entity "sensor.energy"
2020-07-23 20:43:05 ERROR (SyncWorker_2) [custom_components.average.sensor] Unable to find an entity "sensor.energy"
2020-07-23 20:43:36 ERROR (SyncWorker_2) [custom_components.average.sensor] Unable to find an entity "sensor.energy"
2020-07-23 20:44:07 ERROR (SyncWorker_3) [custom_components.average.sensor] Unable to find an entity "sensor.energy"
2020-07-23 20:44:37 ERROR (SyncWorker_0) [custom_components.average.sensor] Unable to find an entity "sensor.energy"
2020-07-23 20:45:08 ERROR (SyncWorker_4) [custom_components.average.sensor] Unable to find an entity "sensor.energy"
2020-07-23 20:45:39 ERROR (SyncWorker_1) [custom_components.average.sensor] Unable to find an entity "sensor.energy"
2020-07-23 20:46:10 ERROR (SyncWorker_4) [custom_components.average.sensor] Unable to find an entity "sensor.energy"
2020-07-23 20:46:41 ERROR (SyncWorker_4) [custom_components.average.sensor] Unable to find an entity "sensor.energy"
2020-07-23 20:47:11 ERROR (SyncWorker_2) [custom_components.average.sensor] Unable to find an entity "sensor.energy"
2020-07-23 20:47:42 ERROR (SyncWorker_4) [custom_components.average.sensor] Unable to find an entity "sensor.energy"
2020-07-23 20:48:13 ERROR (SyncWorker_4) [custom_components.average.sensor] Unable to find an entity "sensor.energy"
2020-07-23 20:48:44 ERROR (SyncWorker_4) [custom_components.average.sensor] Unable to find an entity "sensor.energy"
2020-07-23 20:49:15 ERROR (SyncWorker_0) [custom_components.average.sensor] Unable to find an entity "sensor.energy"
2020-07-23 20:49:32 ERROR (updater) [telegram.ext.updater] Error while getting Updates: Conflict: terminated by other getUpdates request; make sure that only one bot instance is running (409)
2020-07-23 20:49:46 ERROR (SyncWorker_4) [custom_components.average.sensor] Unable to find an entity "sensor.energy"
2020-07-23 20:50:04 ERROR (updater) [telegram.ext.updater] Error while getting Updates: Conflict: terminated by other getUpdates request; make sure that only one bot instance is running (409)
2020-07-23 20:50:16 ERROR (SyncWorker_4) [custom_components.average.sensor] Unable to find an entity "sensor.energy"
2020-07-23 20:50:41 ERROR (updater) [telegram.ext.updater] Error while getting Updates: Conflict: terminated by other getUpdates request; make sure that only one bot instance is running (409)
2020-07-23 20:50:47 ERROR (SyncWorker_1) [custom_components.average.sensor] Unable to find an entity "sensor.energy"
2020-07-23 20:51:13 ERROR (updater) [telegram.ext.updater] Error while getting Updates: Conflict: terminated by other getUpdates request; make sure that only one bot instance is running (409)
2020-07-23 20:51:18 ERROR (SyncWorker_2) [custom_components.average.sensor] Unable to find an entity "sensor.energy"
2020-07-23 20:51:49 ERROR (SyncWorker_1) [custom_components.average.sensor] Unable to find an entity "sensor.energy"
2020-07-23 20:51:50 ERROR (updater) [telegram.ext.updater] Error while getting Updates: Conflict: terminated by other getUpdates request; make sure that only one bot instance is running (409)
2020-07-23 20:52:19 ERROR (SyncWorker_0) [custom_components.average.sensor] Unable to find an entity "sensor.energy"
2020-07-23 20:52:22 ERROR (updater) [telegram.ext.updater] Error while getting Updates: Conflict: terminated by other getUpdates request; make sure that only one bot instance is running (409)
2020-07-23 20:52:50 ERROR (SyncWorker_2) [custom_components.average.sensor] Unable to find an entity "sensor.energy"
2020-07-23 20:52:59 ERROR (updater) [telegram.ext.updater] Error while getting Updates: Conflict: terminated by other getUpdates request; make sure that only one bot instance is running (409)
2020-07-23 20:53:21 ERROR (SyncWorker_4) [custom_components.average.sensor] Unable to find an entity "sensor.energy"
2020-07-23 20:53:31 ERROR (updater) [telegram.ext.updater] Error while getting Updates: Conflict: terminated by other getUpdates request; make sure that only one bot instance is running (409)
2020-07-23 20:53:52 ERROR (SyncWorker_3) [custom_components.average.sensor] Unable to find an entity "sensor.energy"
2020-07-23 20:54:08 ERROR (updater) [telegram.ext.updater] Error while getting Updates: Conflict: terminated by other getUpdates request; make sure that only one bot instance is running (409)
2020-07-23 20:54:23 ERROR (SyncWorker_1) [custom_components.average.sensor] Unable to find an entity "sensor.energy"
2020-07-23 20:54:54 ERROR (SyncWorker_4) [custom_components.average.sensor] Unable to find an entity "sensor.energy"
2020-07-23 20:55:24 ERROR (SyncWorker_4) [custom_components.average.sensor] Unable to find an entity "sensor.energy"
2020-07-23 20:55:55 ERROR (SyncWorker_0) [custom_components.average.sensor] Unable to find an entity "sensor.energy"
2020-07-23 20:56:05 ERROR (updater) [telegram.ext.updater] Error while getting Updates: Conflict: terminated by other getUpdates request; make sure that only one bot instance is running (409)
2020-07-23 20:56:10 ERROR (updater) [telegram.ext.updater] Error while getting Updates: Conflict: terminated by other getUpdates request; make sure that only one bot instance is running (409)
2020-07-23 20:56:26 ERROR (SyncWorker_4) [custom_components.average.sensor] Unable to find an entity "sensor.energy"
2020-07-23 20:56:47 ERROR (updater) [telegram.ext.updater] Error while getting Updates: Conflict: terminated by other getUpdates request; make sure that only one bot instance is running (409)
2020-07-23 20:56:57 ERROR (SyncWorker_0) [custom_components.average.sensor] Unable to find an entity "sensor.energy"
2020-07-23 20:57:09 ERROR (updater) [telegram.ext.updater] Error while getting Updates: Conflict: terminated by other getUpdates request; make sure that only one bot instance is running (409)
2020-07-23 20:57:28 ERROR (SyncWorker_1) [custom_components.average.sensor] Unable to find an entity "sensor.energy"
2020-07-23 20:57:59 ERROR (SyncWorker_0) [custom_components.average.sensor] Unable to find an entity "sensor.energy"
2020-07-23 20:58:18 ERROR (updater) [telegram.ext.updater] Error while getting Updates: Conflict: terminated by other getUpdates request; make sure that only one bot instance is running (409)
2020-07-23 20:58:30 ERROR (SyncWorker_1) [custom_components.average.sensor] Unable to find an entity "sensor.energy"
2020-07-23 20:58:56 ERROR (updater) [telegram.ext.updater] Error while getting Updates: Conflict: terminated by other getUpdates request; make sure that only one bot instance is running (409)
2020-07-23 20:59:01 ERROR (SyncWorker_0) [custom_components.average.sensor] Unable to find an entity "sensor.energy"
2020-07-23 20:59:27 ERROR (updater) [telegram.ext.updater] Error while getting Updates: Conflict: terminated by other getUpdates request; make sure that only one bot instance is running (409)
2020-07-23 20:59:32 ERROR (SyncWorker_3) [custom_components.average.sensor] Unable to find an entity "sensor.energy"
2020-07-23 21:00:03 ERROR (SyncWorker_4) [custom_components.average.sensor] Unable to find an entity "sensor.energy"
2020-07-23 21:00:05 ERROR (updater) [telegram.ext.updater] Error while getting Updates: Conflict: terminated by other getUpdates request; make sure that only one bot instance is running (409)
2020-07-23 21:00:33 ERROR (SyncWorker_1) [custom_components.average.sensor] Unable to find an entity "sensor.energy"
2020-07-23 21:00:36 ERROR (updater) [telegram.ext.updater] Error while getting Updates: Conflict: terminated by other getUpdates request; make sure that only one bot instance is running (409)
2020-07-23 21:01:04 ERROR (SyncWorker_0) [custom_components.average.sensor] Unable to find an entity "sensor.energy"
2020-07-23 21:01:14 ERROR (updater) [telegram.ext.updater] Error while getting Updates: Conflict: terminated by other getUpdates request; make sure that only one bot instance is running (409)
2020-07-23 21:01:35 ERROR (SyncWorker_2) [custom_components.average.sensor] Unable to find an entity "sensor.energy"
2020-07-23 21:01:45 ERROR (updater) [telegram.ext.updater] Error while getting Updates: Conflict: terminated by other getUpdates request; make sure that only one bot instance is running (409)
2020-07-23 21:02:06 ERROR (SyncWorker_0) [custom_components.average.sensor] Unable to find an entity "sensor.energy"
2020-07-23 21:02:23 ERROR (updater) [telegram.ext.updater] Error while getting Updates: Conflict: terminated by other getUpdates request; make sure that only one bot instance is running (409)
2020-07-23 21:02:37 ERROR (SyncWorker_2) [custom_components.average.sensor] Unable to find an entity "sensor.energy"
2020-07-23 21:02:54 ERROR (updater) [telegram.ext.updater] Error while getting Updates: Conflict: terminated by other getUpdates request; make sure that only one bot instance is running (409)
2020-07-23 21:03:08 ERROR (SyncWorker_1) [custom_components.average.sensor] Unable to find an entity "sensor.energy"
2020-07-23 21:03:31 ERROR (updater) [telegram.ext.updater] Error while getting Updates: Conflict: terminated by other getUpdates request; make sure that only one bot instance is running (409)
2020-07-23 21:03:39 ERROR (SyncWorker_2) [custom_components.average.sensor] Unable to find an entity "sensor.energy"
2020-07-23 21:04:03 ERROR (updater) [telegram.ext.updater] Error while getting Updates: Conflict: terminated by other getUpdates request; make sure that only one bot instance is running (409)
2020-07-23 21:04:10 ERROR (SyncWorker_3) [custom_components.average.sensor] Unable to find an entity "sensor.energy"
2020-07-23 21:04:40 ERROR (updater) [telegram.ext.updater] Error while getting Updates: Conflict: terminated by other getUpdates request; make sure that only one bot instance is running (409)
2020-07-23 21:04:41 ERROR (SyncWorker_2) [custom_components.average.sensor] Unable to find an entity "sensor.energy"
2020-07-23 21:05:12 ERROR (SyncWorker_0) [custom_components.average.sensor] Unable to find an entity "sensor.energy"
2020-07-23 21:05:12 ERROR (updater) [telegram.ext.updater] Error while getting Updates: Conflict: terminated by other getUpdates request; make sure that only one bot instance is running (409)
2020-07-23 21:05:43 ERROR (SyncWorker_1) [custom_components.average.sensor] Unable to find an entity "sensor.energy"
2020-07-23 21:05:49 ERROR (updater) [telegram.ext.updater] Error while getting Updates: Conflict: terminated by other getUpdates request; make sure that only one bot instance is running (409)
2020-07-23 21:06:14 ERROR (SyncWorker_0) [custom_components.average.sensor] Unable to find an entity "sensor.energy"
2020-07-23 21:06:21 ERROR (updater) [telegram.ext.updater] Error while getting Updates: Conflict: terminated by other getUpdates request; make sure that only one bot instance is running (409)
2020-07-23 21:06:45 ERROR (SyncWorker_3) [custom_components.average.sensor] Unable to find an entity "sensor.energy"
2020-07-23 21:06:59 ERROR (updater) [telegram.ext.updater] Error while getting Updates: Conflict: terminated by other getUpdates request; make sure that only one bot instance is running (409)
2020-07-23 21:07:16 ERROR (SyncWorker_0) [custom_components.average.sensor] Unable to find an entity "sensor.energy"
2020-07-23 21:07:31 ERROR (updater) [telegram.ext.updater] Error while getting Updates: Conflict: terminated by other getUpdates request; make sure that only one bot instance is running (409)
2020-07-23 21:07:36 ERROR (updater) [telegram.ext.updater] Error while getting Updates: Conflict: terminated by other getUpdates request; make sure that only one bot instance is running (409)
2020-07-23 21:07:42 ERROR (updater) [telegram.ext.updater] Error while getting Updates: Conflict: terminated by other getUpdates request; make sure that only one bot instance is running (409)
2020-07-23 21:07:47 ERROR (SyncWorker_3) [custom_components.average.sensor] Unable to find an entity "sensor.energy"
2020-07-23 21:07:47 ERROR (updater) [telegram.ext.updater] Error while getting Updates: Conflict: terminated by other getUpdates request; make sure that only one bot instance is running (409)
2020-07-23 21:07:55 ERROR (updater) [telegram.ext.updater] Error while getting Updates: Conflict: terminated by other getUpdates request; make sure that only one bot instance is running (409)
2020-07-23 21:08:03 ERROR (updater) [telegram.ext.updater] Error while getting Updates: Conflict: terminated by other getUpdates request; make sure that only one bot instance is running (409)
2020-07-23 21:08:15 ERROR (updater) [telegram.ext.updater] Error while getting Updates: Conflict: terminated by other getUpdates request; make sure that only one bot instance is running (409)
2020-07-23 21:08:18 ERROR (SyncWorker_4) [custom_components.average.sensor] Unable to find an entity "sensor.energy"
2020-07-23 21:08:30 ERROR (updater) [telegram.ext.updater] Error while getting Updates: Conflict: terminated by other getUpdates request; make sure that only one bot instance is running (409)
2020-07-23 21:08:49 ERROR (SyncWorker_2) [custom_components.average.sensor] Unable to find an entity "sensor.energy"
2020-07-23 21:08:50 ERROR (updater) [telegram.ext.updater] Error while getting Updates: Conflict: terminated by other getUpdates request; make sure that only one bot instance is running (409)
2020-07-23 21:09:20 ERROR (SyncWorker_3) [custom_components.average.sensor] Unable to find an entity "sensor.energy"
2020-07-23 21:09:21 ERROR (updater) [telegram.ext.updater] Error while getting Updates: Conflict: terminated by other getUpdates request; make sure that only one bot instance is running (409)
2020-07-23 21:09:51 ERROR (SyncWorker_1) [custom_components.average.sensor] Unable to find an entity "sensor.energy"
2020-07-23 21:10:04 ERROR (updater) [telegram.ext.updater] Error while getting Updates: Conflict: terminated by other getUpdates request; make sure that only one bot instance is running (409)
2020-07-23 21:10:22 ERROR (SyncWorker_2) [custom_components.average.sensor] Unable to find an entity "sensor.energy"
2020-07-23 21:10:38 ERROR (updater) [telegram.ext.updater] Error while getting Updates: Conflict: terminated by other getUpdates request; make sure that only one bot instance is running (409)
2020-07-23 21:10:53 ERROR (SyncWorker_3) [custom_components.average.sensor] Unable to find an entity "sensor.energy"
2020-07-23 21:11:12 ERROR (updater) [telegram.ext.updater] Error while getting Updates: Conflict: terminated by other getUpdates request; make sure that only one bot instance is running (409)
2020-07-23 21:11:24 ERROR (SyncWorker_0) [custom_components.average.sensor] Unable to find an entity "sensor.energy"
2020-07-23 21:11:46 ERROR (updater) [telegram.ext.updater] Error while getting Updates: Conflict: terminated by other getUpdates request; make sure that only one bot instance is running (409)
2020-07-23 21:11:54 ERROR (SyncWorker_4) [custom_components.average.sensor] Unable to find an entity "sensor.energy"
2020-07-23 21:12:21 ERROR (updater) [telegram.ext.updater] Error while getting Updates: Conflict: terminated by other getUpdates request; make sure that only one bot instance is running (409)
2020-07-23 21:12:25 ERROR (SyncWorker_3) [custom_components.average.sensor] Unable to find an entity "sensor.energy"
2020-07-23 21:12:56 ERROR (SyncWorker_2) [custom_components.average.sensor] Unable to find an entity "sensor.energy"
2020-07-23 21:12:56 ERROR (updater) [telegram.ext.updater] Error while getting Updates: Conflict: terminated by other getUpdates request; make sure that only one bot instance is running (409)
2020-07-23 21:13:26 ERROR (SyncWorker_4) [custom_components.average.sensor] Unable to find an entity "sensor.energy"
2020-07-23 21:13:29 ERROR (updater) [telegram.ext.updater] Error while getting Updates: Conflict: terminated by other getUpdates request; make sure that only one bot instance is running (409)
2020-07-23 21:13:57 ERROR (SyncWorker_2) [custom_components.average.sensor] Unable to find an entity "sensor.energy"
2020-07-23 21:14:03 ERROR (updater) [telegram.ext.updater] Error while getting Updates: Conflict: terminated by other getUpdates request; make sure that only one bot instance is running (409)
